  Easy rectangle SFML_C++ game #1.cpp
E:\Projects\Sfml Games\Easy rectangle SFML_C++ game #1\Easy rectangle SFML_C++ game #1\Easy rectangle SFML_C++ game #1.cpp(10,16): warning C4244: инициализация: преобразование "double" в "int", возможна потеря данных
E:\Projects\Sfml Games\Easy rectangle SFML_C++ game #1\Easy rectangle SFML_C++ game #1\Easy rectangle SFML_C++ game #1.cpp(40,15): warning C4244: =: преобразование "int" в "T", возможна потеря данных
          with
          [
              T=float
          ]
E:\Projects\Sfml Games\Easy rectangle SFML_C++ game #1\Easy rectangle SFML_C++ game #1\Easy rectangle SFML_C++ game #1.cpp(41,16): warning C4244: =: преобразование "int" в "T", возможна потеря данных
          with
          [
              T=float
          ]
E:\Projects\Sfml Games\Easy rectangle SFML_C++ game #1\Easy rectangle SFML_C++ game #1\Easy rectangle SFML_C++ game #1.cpp(81): warning C4305: инициализация: усечение из "double" в "float"
E:\Projects\Sfml Games\Easy rectangle SFML_C++ game #1\Easy rectangle SFML_C++ game #1\Easy rectangle SFML_C++ game #1.cpp(93,11): warning C4244: =: преобразование "double" в "int", возможна потеря данных
E:\Projects\Sfml Games\Easy rectangle SFML_C++ game #1\Easy rectangle SFML_C++ game #1\Easy rectangle SFML_C++ game #1.cpp(102,14): warning C4244: инициализация: преобразование "T" в "int", возможна потеря данных
          with
          [
              T=float
          ]
E:\Projects\Sfml Games\Easy rectangle SFML_C++ game #1\Easy rectangle SFML_C++ game #1\Easy rectangle SFML_C++ game #1.cpp(103,15): warning C4244: инициализация: преобразование "T" в "int", возможна потеря данных
          with
          [
              T=float
          ]
E:\Projects\Sfml Games\Easy rectangle SFML_C++ game #1\Easy rectangle SFML_C++ game #1\Easy rectangle SFML_C++ game #1.cpp(108,59): warning C4244: =: преобразование "int" в "T", возможна потеря данных
          with
          [
              T=float
          ]
E:\Projects\Sfml Games\Easy rectangle SFML_C++ game #1\Easy rectangle SFML_C++ game #1\Easy rectangle SFML_C++ game #1.cpp(110,58): warning C4244: =: преобразование "int" в "T", возможна потеря данных
          with
          [
              T=float
          ]
E:\Projects\Sfml Games\Easy rectangle SFML_C++ game #1\Easy rectangle SFML_C++ game #1\Easy rectangle SFML_C++ game #1.cpp(122,24): warning C4244: +=: преобразование "double" в "float", возможна потеря данных
E:\Projects\Sfml Games\Easy rectangle SFML_C++ game #1\Easy rectangle SFML_C++ game #1\Easy rectangle SFML_C++ game #1.cpp(233,59): warning C4244: аргумент: преобразование "int" в "float", возможна потеря данных
E:\Projects\Sfml Games\Easy rectangle SFML_C++ game #1\Easy rectangle SFML_C++ game #1\Easy rectangle SFML_C++ game #1.cpp(233,40): warning C4244: аргумент: преобразование "int" в "float", возможна потеря данных
  Создание кода
  11 of 161 functions ( 6.8%) were compiled, the rest were copied from previous compilation.
    0 functions were new in current compilation
    0 functions had inline decision re-evaluated but remain unchanged
  Создание кода завершено
  Easy rectangle SFML_C++ game #1.vcxproj -> E:\Projects\Sfml Games\Easy rectangle SFML_C++ game #1\x64\Release\Easy rectangle SFML_C++ game #1.exe
